[debug] > Exec(early(addDefaultCommands), None, None)
[debug] > Exec(addDefaultCommands, None, None)
[debug] > Exec(early(initialize), None, None)
[debug] > Exec(initialize, None, None)
[debug] > Exec(early(addPluginSbtFile="""/private/var/folders/kr/1px40q7d1rj4k35d46jv5zv00000gq/T/idea.sbt"""), None, None)
[debug] > Exec(addPluginSbtFile="""/private/var/folders/kr/1px40q7d1rj4k35d46jv5zv00000gq/T/idea.sbt""", None, None)
[debug] > Exec(boot, None, None)
[debug] > Exec(writeSbtVersion, None, None)
[debug] > Exec(reload, None, None)
[debug] > Exec(sbtStashOnFailure, None, None)
[debug] > Exec(onFailure loadFailed, None, None)
[debug] > Exec(loadp, None, None)
[info] welcome to sbt 1.4.2 (Azul Systems, Inc. Java 11.0.8)
[debug]       Load.loadUnit: plugins took 93.40847ms
[debug]       Load.loadUnit: defsScala took 0.288448ms
[debug] [Loading] Scanning directory /Users/njumbo/.sbt/1.0/plugins
[debug] [Loading] Found non-root projects 
[debug] [Loading] Done in /Users/njumbo/.sbt/1.0/plugins, returning: ()
[debug] deducing auto plugins based on known facts Set(Atom(sbt.plugins.CorePlugin)) and clauses Clauses(List(Clause(Atom(sbt.plugins.JvmPlugin),Set(Atom(sbt.plugins.IvyPlugin))), Clause(Atom(sbt.ScriptedPlugin),Set(Atom(sbt.plugins.JvmPlugin))), Clause(Atom(sbt.plugins.SbtPlugin),Set(Atom(sbt.ScriptedPlugin))), Clause(Atom(sbt.plugins.SemanticdbPlugin),Set(Atom(sbt.plugins.JvmPlugin))), Clause(Atom(sbt.plugins.JUnitXmlReportPlugin),Set(Atom(sbt.plugins.JvmPlugin))), Clause(Atom(sbt.plugins.MiniDependencyTreePlugin),Set(Atom(sbt.plugins.JvmPlugin))), Clause(Atom(sbt.plugins.CorePlugin),Set(Atom(sbt.plugins.IvyPlugin))), Clause(Atom(sbt.plugins.IvyPlugin),Set(Atom(sbt.plugins.JvmPlugin))), Clause(Atom(sbt.plugins.JvmPlugin),Set(Atom(sbt.plugins.SemanticdbPlugin))), Clause(Atom(sbt.plugins.JvmPlugin),Set(Atom(sbt.plugins.JUnitXmlReportPlugin))), Clause(Atom(sbt.plugins.CorePlugin),Set(Atom(sbt.plugins.Giter8TemplatePlugin))), Clause(Atom(sbt.plugins.JvmPlugin),Set(Atom(sbt.plugins.MiniDependencyTreePlugin)))))
[debug]   :: deduced result: Matched(sbt.plugins.CorePlugin,sbt.plugins.Giter8TemplatePlugin,sbt.plugins.IvyPlugin,sbt.plugins.JvmPlugin,sbt.plugins.MiniDependencyTreePlugin,sbt.plugins.JUnitXmlReportPlugin,sbt.plugins.SemanticdbPlugin)
[debug] Plugins.deducer#function took 20.616532 ms
[debug]           Load.resolveProject(global-plugins) took 54.897145ms
[debug]         Load.loadTransitive: finalizeProject(Project(id global-plugins, base: /Users/njumbo/.sbt/1.0/plugins, plugins: List(<none>))) took 112.311851ms
[debug] [Loading] Done in /Users/njumbo/.sbt/1.0/plugins, returning: (global-plugins)
[debug]       Load.loadUnit: loadedProjectsRaw took 130.589753ms
[debug]       Load.loadUnit: cleanEvalClasses took 0.263903ms
[debug]     Load.loadUnit(file:/Users/njumbo/.sbt/1.0/plugins/, ...) took 231.275547ms
[debug]   Load.apply: load took 483.826979ms
[debug]   Load.apply: resolveProjects took 7.385961ms
[debug]   Load.apply: finalTransforms took 66.07523ms
[debug]   Load.apply: config.delegates took 8.157314ms
[debug]   Load.apply: Def.make(settings)... took 401.870934ms
[debug]   Load.apply: structureIndex took 93.321679ms
[debug]   Load.apply: mkStreams took 1.794741ms
[info] loading global plugins from /Users/njumbo/.sbt/1.0/plugins
[debug] Running task... Cancel: Signal, check cycles: false, forcegc: true
[debug] Load.defaultLoad until apply took 3084.886803ms
[debug]           Load.loadUnit: plugins took 25.698717ms
[debug]           Load.loadUnit: defsScala took 0.004342ms
[debug] [Loading] Scanning directory /Users/njumbo/scala_fp_book/project
[debug]             Load.loadUnit: mkEval took 14.117694ms
[debug] [Loading] Found non-root projects 
[debug] [Loading] Done in /Users/njumbo/scala_fp_book/project, returning: ()
[debug] deducing auto plugins based on known facts Set(Atom(sbt.plugins.CorePlugin)) and clauses Clauses(List(Clause(Atom(sbt.plugins.JvmPlugin),Set(Atom(sbt.plugins.IvyPlugin))), Clause(Atom(sbt.ScriptedPlugin),Set(Atom(sbt.plugins.JvmPlugin))), Clause(Atom(sbt.plugins.SbtPlugin),Set(Atom(sbt.ScriptedPlugin))), Clause(Atom(sbt.plugins.SemanticdbPlugin),Set(Atom(sbt.plugins.JvmPlugin))), Clause(Atom(sbt.plugins.JUnitXmlReportPlugin),Set(Atom(sbt.plugins.JvmPlugin))), Clause(Atom(sbt.plugins.MiniDependencyTreePlugin),Set(Atom(sbt.plugins.JvmPlugin))), Clause(Atom(sbt.plugins.CorePlugin),Set(Atom(sbt.plugins.IvyPlugin))), Clause(Atom(sbt.plugins.IvyPlugin),Set(Atom(sbt.plugins.JvmPlugin))), Clause(Atom(sbt.plugins.JvmPlugin),Set(Atom(sbt.plugins.SemanticdbPlugin))), Clause(Atom(sbt.plugins.JvmPlugin),Set(Atom(sbt.plugins.JUnitXmlReportPlugin))), Clause(Atom(sbt.plugins.CorePlugin),Set(Atom(sbt.plugins.Giter8TemplatePlugin))), Clause(Atom(sbt.plugins.JvmPlugin),Set(Atom(sbt.plugins.MiniDependencyTreePlugin)))))
[debug]   :: deduced result: Matched(sbt.plugins.CorePlugin,sbt.plugins.Giter8TemplatePlugin,sbt.plugins.IvyPlugin,sbt.plugins.JvmPlugin,sbt.plugins.MiniDependencyTreePlugin,sbt.plugins.JUnitXmlReportPlugin,sbt.plugins.SemanticdbPlugin)
[debug] Plugins.deducer#function took 1.979951 ms
[info] loading settings for project scala_fp_book-build from idea.sbt ...
[debug]               Load.resolveProject(scala_fp_book-build) took 3.594254ms
[debug]             Load.loadTransitive: finalizeProject(Project(id scala_fp_book-build, base: /Users/njumbo/scala_fp_book/project, plugins: List(<none>))) took 6.285819ms
[debug] [Loading] Done in /Users/njumbo/scala_fp_book/project, returning: (scala_fp_book-build)
[debug]           Load.loadUnit: loadedProjectsRaw took 2829.105825ms
[debug]           Load.loadUnit: cleanEvalClasses took 5.376292ms
[debug]         Load.loadUnit(file:/Users/njumbo/scala_fp_book/project/, ...) took 2861.09072ms
[debug]       Load.apply: load took 2862.927351ms
[debug]       Load.apply: resolveProjects took 0.099879ms
[debug]       Load.apply: finalTransforms took 27.431466ms
[debug]       Load.apply: config.delegates took 0.691637ms
[debug]       Load.apply: Def.make(settings)... took 264.775948ms
[debug]       Load.apply: structureIndex took 35.194086ms
[debug]       Load.apply: mkStreams took 0.004169ms
[info] loading project definition from /Users/njumbo/scala_fp_book/project
[debug] Running task... Cancel: Signal, check cycles: false, forcegc: true
[debug]     Load.loadUnit: plugins took 6418.817867ms
[debug]     Load.loadUnit: defsScala took 0.004927ms
[debug] [Loading] Scanning directory /Users/njumbo/scala_fp_book
[debug]       Load.loadUnit: mkEval took 0.255081ms
[debug] [Loading] Found non-root projects 
[debug] [Loading] Done in /Users/njumbo/scala_fp_book, returning: ()
[debug] deducing auto plugins based on known facts Set(Atom(sbt.plugins.CorePlugin)) and clauses Clauses(List(Clause(Atom(sbt.plugins.JvmPlugin),Set(Atom(sbt.plugins.IvyPlugin))), Clause(Atom(sbt.ScriptedPlugin),Set(Atom(sbt.plugins.JvmPlugin))), Clause(Atom(sbt.plugins.SbtPlugin),Set(Atom(sbt.ScriptedPlugin))), Clause(Atom(sbt.plugins.SemanticdbPlugin),Set(Atom(sbt.plugins.JvmPlugin))), Clause(Atom(sbt.plugins.JUnitXmlReportPlugin),Set(Atom(sbt.plugins.JvmPlugin))), Clause(Atom(sbt.plugins.MiniDependencyTreePlugin),Set(Atom(sbt.plugins.JvmPlugin))), Clause(Atom(org.jetbrains.sbt.StructurePlugin),Set(Atom(sbt.plugins.JvmPlugin))), Clause(Atom(org.jetbrains.sbt.IdeaShellPlugin),Set(Atom(sbt.plugins.JvmPlugin))), Clause(Atom(org.jetbrains.sbt.indices.SbtIntellijIndicesPlugin),Set(Atom(sbt.plugins.JvmPlugin))), Clause(Atom(sbt.plugins.CorePlugin),Set(Atom(sbt.plugins.IvyPlugin))), Clause(Atom(sbt.plugins.IvyPlugin),Set(Atom(sbt.plugins.JvmPlugin))), Clause(Atom(sbt.plugins.JvmPlugin),Set(Atom(sbt.plugins.SemanticdbPlugin))), Clause(Atom(sbt.plugins.JvmPlugin),Set(Atom(sbt.plugins.JUnitXmlReportPlugin))), Clause(Atom(sbt.plugins.CorePlugin),Set(Atom(sbt.plugins.Giter8TemplatePlugin))), Clause(Atom(sbt.plugins.JvmPlugin),Set(Atom(sbt.plugins.MiniDependencyTreePlugin))), Clause(Atom(sbt.plugins.JvmPlugin),Set(Atom(org.jetbrains.sbt.StructurePlugin))), Clause(Atom(sbt.plugins.JvmPlugin),Set(Atom(org.jetbrains.sbt.IdeaShellPlugin))), Clause(And(Set(Atom(sbt.plugins.CorePlugin), Atom(sbt.plugins.JvmPlugin))),Set(Atom(org.jetbrains.sbt.indices.SbtIntellijIndicesPlugin)))))
[debug]   :: deduced result: Matched(sbt.plugins.CorePlugin,sbt.plugins.Giter8TemplatePlugin,sbt.plugins.IvyPlugin,sbt.plugins.JvmPlugin,sbt.plugins.SemanticdbPlugin,org.jetbrains.sbt.indices.SbtIntellijIndicesPlugin,sbt.plugins.JUnitXmlReportPlugin,org.jetbrains.sbt.IdeaShellPlugin,org.jetbrains.sbt.StructurePlugin,sbt.plugins.MiniDependencyTreePlugin)
[debug] Plugins.deducer#function took 2.26809 ms
[info] loading settings for project scala_fp_book from build.sbt ...
[debug]         Load.resolveProject(scala_fp_book) took 32.383063ms
[debug]       Load.loadTransitive: finalizeProject(Project(id scala_fp_book, base: /Users/njumbo/scala_fp_book, plugins: List(<none>))) took 36.158675ms
[debug] [Loading] Done in /Users/njumbo/scala_fp_book, returning: (scala_fp_book)
[debug]     Load.loadUnit: loadedProjectsRaw took 712.593363ms
[debug]     Load.loadUnit: cleanEvalClasses took 5.345638ms
[debug]   Load.loadUnit(file:/Users/njumbo/scala_fp_book/, ...) took 7137.531939ms
[debug] Load.apply: load took 7139.632475ms
[debug] Load.apply: resolveProjects took 0.093964ms
[debug] Load.apply: finalTransforms took 26.804156ms
[debug] Load.apply: config.delegates took 0.354907ms
[debug] Load.apply: Def.make(settings)... took 67.972668ms
[debug] Load.apply: structureIndex took 25.961283ms
[debug] Load.apply: mkStreams took 0.002354ms
[info] set current project to scala_fp_book (in build file:/Users/njumbo/scala_fp_book/)
[debug] > Exec(sbtPopOnFailure, None, None)
[debug] > Exec(resumeFromFailure, None, None)
[debug] > Exec(notifyUsersAboutShell, None, None)
[debug] > Exec(iflast shell, None, None)
[debug] > Exec(; set ideaPort in Global := 61050 ; idea-shell, None, None)
[debug] > Exec(set ideaPort in Global := 61050, None, None)
[info] Defining Global / ideaPort
[info] The new value will be used by Compile / compile, Test / compile
[debug] Defining 
[debug] 	Global / ideaPort
[debug] 
[debug] The new value will be used by 
[debug] 	Compile / compile
[debug] 	Test / compile
[info] Reapplying settings...
[info] set current project to scala_fp_book (in build file:/Users/njumbo/scala_fp_book/)
[debug] > Exec(idea-shell, None, None)
